0 info it worked if it ends with ok
1 verbose cli [ '/Users/John/.nvm/versions/node/v7.2.0/bin/node',
1 verbose cli   '/Users/John/.nvm/versions/node/v7.2.0/bin/npm',
1 verbose cli   'run',
1 verbose cli   'dev' ]
2 info using npm@3.10.9
3 info using node@v7.2.0
4 verbose run-script [ 'predev', 'dev', 'postdev' ]
5 info lifecycle firecaptain@0.0.1~predev: firecaptain@0.0.1
6 silly lifecycle firecaptain@0.0.1~predev: no script for predev, continuing
7 info lifecycle firecaptain@0.0.1~dev: firecaptain@0.0.1
8 verbose lifecycle firecaptain@0.0.1~dev: unsafe-perm in lifecycle true
9 verbose lifecycle firecaptain@0.0.1~dev: PATH: /Users/John/.nvm/versions/node/v7.2.0/lib/node_modules/npm/bin/node-gyp-bin:/Users/John/firecaptain-react/node_modules/.bin:/Users/John/.nvm/versions/node/v7.2.0/bin:/Users/John/google-cloud-sdk/bin:/usr/local/bin:/usr/bin:/bin:/usr/sbin:/sbin:/opt/X11/bin:/Users/John/bin:/Users/John/.rvm/bin
10 verbose lifecycle firecaptain@0.0.1~dev: CWD: /Users/John/firecaptain-react
11 silly lifecycle firecaptain@0.0.1~dev: Args: [ '-c', 'set NODE_ENV=development && node server.dev' ]
12 silly lifecycle firecaptain@0.0.1~dev: Returned: code: 1  signal: null
13 info lifecycle firecaptain@0.0.1~dev: Failed to exec dev script
14 verbose stack Error: firecaptain@0.0.1 dev: `set NODE_ENV=development && node server.dev`
14 verbose stack Exit status 1
14 verbose stack     at EventEmitter.<anonymous> (/Users/John/.nvm/versions/node/v7.2.0/lib/node_modules/npm/lib/utils/lifecycle.js:255:16)
14 verbose stack     at emitTwo (events.js:106:13)
14 verbose stack     at EventEmitter.emit (events.js:191:7)
14 verbose stack     at ChildProcess.<anonymous> (/Users/John/.nvm/versions/node/v7.2.0/lib/node_modules/npm/lib/utils/spawn.js:40:14)
14 verbose stack     at emitTwo (events.js:106:13)
14 verbose stack     at ChildProcess.emit (events.js:191:7)
14 verbose stack     at maybeClose (internal/child_process.js:885:16)
14 verbose stack     at Process.ChildProcess._handle.onexit (internal/child_process.js:226:5)
15 verbose pkgid firecaptain@0.0.1
16 verbose cwd /Users/John/firecaptain-react
17 error Darwin 16.0.0
18 error argv "/Users/John/.nvm/versions/node/v7.2.0/bin/node" "/Users/John/.nvm/versions/node/v7.2.0/bin/npm" "run" "dev"
19 error node v7.2.0
20 error npm  v3.10.9
21 error code ELIFECYCLE
22 error firecaptain@0.0.1 dev: `set NODE_ENV=development && node server.dev`
22 error Exit status 1
23 error Failed at the firecaptain@0.0.1 dev script 'set NODE_ENV=development && node server.dev'.
23 error Make sure you have the latest version of node.js and npm installed.
23 error If you do, this is most likely a problem with the firecaptain package,
23 error not with npm itself.
23 error Tell the author that this fails on your system:
23 error     set NODE_ENV=development && node server.dev
23 error You can get information on how to open an issue for this project with:
23 error     npm bugs firecaptain
23 error Or if that isn't available, you can get their info via:
23 error     npm owner ls firecaptain
23 error There is likely additional logging output above.
24 verbose exit [ 1, true ]
